::1 - - [14/Feb/2026 15:51:29] code 404, message File not found
::1 - - [14/Feb/2026 15:51:29] code 404, message File not found
::1 - - [14/Feb/2026 15:51:29] "GET /data/status.json?t=1771059089351 HTTP/1.1" 404 -
::1 - - [14/Feb/2026 15:51:29] "GET /data/nurture.json?t=1771059089351 HTTP/1.1" 404 -
::1 - - [14/Feb/2026 15:56:29] code 404, message File not found
::1 - - [14/Feb/2026 15:56:29] code 404, message File not found
::1 - - [14/Feb/2026 15:56:29] "GET /data/nurture.json?t=1771059389348 HTTP/1.1" 404 -
::1 - - [14/Feb/2026 15:56:29] "GET /data/status.json?t=1771059389348 HTTP/1.1" 404 -
::1 - - [14/Feb/2026 16:01:29] code 404, message File not found
::1 - - [14/Feb/2026 16:01:29] code 404, message File not found
::1 - - [14/Feb/2026 16:01:29] "GET /data/nurture.json?t=1771059689346 HTTP/1.1" 404 -
::1 - - [14/Feb/2026 16:01:29] "GET /data/status.json?t=1771059689345 HTTP/1.1" 404 -
::1 - - [14/Feb/2026 16:06:29] code 404, message File not found
::1 - - [14/Feb/2026 16:06:29] code 404, message File not found
::1 - - [14/Feb/2026 16:06:29] "GET /data/status.json?t=1771059989342 HTTP/1.1" 404 -
::1 - - [14/Feb/2026 16:06:29] "GET /data/nurture.json?t=1771059989342 HTTP/1.1" 404 -
::1 - - [14/Feb/2026 16:11:29] code 404, message File not found
::1 - - [14/Feb/2026 16:11:29] code 404, message File not found
::1 - - [14/Feb/2026 16:11:29] "GET /data/status.json?t=1771060289349 HTTP/1.1" 404 -
::1 - - [14/Feb/2026 16:11:29] "GET /data/nurture.json?t=1771060289349 HTTP/1.1" 404 -
::1 - - [14/Feb/2026 16:16:29] code 404, message File not found
::1 - - [14/Feb/2026 16:16:29] code 404, message File not found
::1 - - [14/Feb/2026 16:16:29] "GET /data/status.json?t=1771060589347 HTTP/1.1" 404 -
::1 - - [14/Feb/2026 16:16:29] "GET /data/nurture.json?t=1771060589348 HTTP/1.1" 404 -
::1 - - [14/Feb/2026 16:21:29] code 404, message File not found
::1 - - [14/Feb/2026 16:21:29] code 404, message File not found
::1 - - [14/Feb/2026 16:21:29] "GET /data/status.json?t=1771060889346 HTTP/1.1" 404 -
::1 - - [14/Feb/2026 16:21:29] "GET /data/nurture.json?t=1771060889347 HTTP/1.1" 404 -
::1 - - [14/Feb/2026 16:26:29] code 404, message File not found
::1 - - [14/Feb/2026 16:26:29] code 404, message File not found
::1 - - [14/Feb/2026 16:26:29] "GET /data/status.json?t=1771061189415 HTTP/1.1" 404 -
::1 - - [14/Feb/2026 16:26:29] "GET /data/nurture.json?t=1771061189416 HTTP/1.1" 404 -
::1 - - [14/Feb/2026 16:31:29] code 404, message File not found
::1 - - [14/Feb/2026 16:31:29] code 404, message File not found
::1 - - [14/Feb/2026 16:31:29] "GET /data/status.json?t=1771061489418 HTTP/1.1" 404 -
::1 - - [14/Feb/2026 16:31:29] "GET /data/nurture.json?t=1771061489419 HTTP/1.1" 404 -
::1 - - [14/Feb/2026 16:36:29] code 404, message File not found
::1 - - [14/Feb/2026 16:36:29] code 404, message File not found
::1 - - [14/Feb/2026 16:36:29] "GET /data/status.json?t=1771061789421 HTTP/1.1" 404 -
::1 - - [14/Feb/2026 16:36:29] "GET /data/nurture.json?t=1771061789422 HTTP/1.1" 404 -
::1 - - [14/Feb/2026 16:41:29] code 404, message File not found
::1 - - [14/Feb/2026 16:41:29] code 404, message File not found
::1 - - [14/Feb/2026 16:41:29] "GET /data/status.json?t=1771062089424 HTTP/1.1" 404 -
::1 - - [14/Feb/2026 16:41:29] "GET /data/nurture.json?t=1771062089424 HTTP/1.1" 404 -
::1 - - [14/Feb/2026 16:46:29] code 404, message File not found
::1 - - [14/Feb/2026 16:46:29] code 404, message File not found
::1 - - [14/Feb/2026 16:46:29] "GET /data/status.json?t=1771062389426 HTTP/1.1" 404 -
::1 - - [14/Feb/2026 16:46:29] "GET /data/nurture.json?t=1771062389427 HTTP/1.1" 404 -
::1 - - [14/Feb/2026 16:51:29] code 404, message File not found
::1 - - [14/Feb/2026 16:51:29] code 404, message File not found
::1 - - [14/Feb/2026 16:51:29] "GET /data/status.json?t=1771062689429 HTTP/1.1" 404 -
::1 - - [14/Feb/2026 16:51:29] "GET /data/nurture.json?t=1771062689429 HTTP/1.1" 404 -
::1 - - [14/Feb/2026 16:56:28] code 404, message File not found
::1 - - [14/Feb/2026 16:56:28] code 404, message File not found
::1 - - [14/Feb/2026 16:56:28] "GET /data/status.json?t=1771062988742 HTTP/1.1" 404 -
::1 - - [14/Feb/2026 16:56:28] "GET /data/nurture.json?t=1771062988742 HTTP/1.1" 404 -
::1 - - [14/Feb/2026 17:01:28] code 404, message File not found
::1 - - [14/Feb/2026 17:01:28] code 404, message File not found
::1 - - [14/Feb/2026 17:01:28] "GET /data/status.json?t=1771063288761 HTTP/1.1" 404 -
::1 - - [14/Feb/2026 17:01:28] "GET /data/nurture.json?t=1771063288762 HTTP/1.1" 404 -
::1 - - [14/Feb/2026 17:01:35] code 404, message File not found
::1 - - [14/Feb/2026 17:01:35] "GET /diary.html HTTP/1.1" 404 -
::1 - - [14/Feb/2026 17:01:36] code 404, message File not found
::1 - - [14/Feb/2026 17:01:36] "GET /diary.html HTTP/1.1" 404 -
::1 - - [14/Feb/2026 17:01:37] code 404, message File not found
::1 - - [14/Feb/2026 17:01:37] "GET /diary.html HTTP/1.1" 404 -
::1 - - [14/Feb/2026 17:01:37] code 404, message File not found
::1 - - [14/Feb/2026 17:01:37] "GET /diary.html HTTP/1.1" 404 -
::1 - - [14/Feb/2026 17:01:37] code 404, message File not found
::1 - - [14/Feb/2026 17:01:37] "GET /diary.html HTTP/1.1" 404 -
::1 - - [14/Feb/2026 17:01:37] code 404, message File not found
::1 - - [14/Feb/2026 17:01:37] "GET /diary.html HTTP/1.1" 404 -
::1 - - [14/Feb/2026 17:01:37] code 404, message File not found
::1 - - [14/Feb/2026 17:01:37] "GET /diary.html HTTP/1.1" 404 -
::1 - - [14/Feb/2026 17:01:40] "GET / HTTP/1.1" 200 -
::1 - - [14/Feb/2026 17:02:04] "GET /src/ HTTP/1.1" 200 -
::1 - - [14/Feb/2026 17:02:04] "GET /src/assets/rebecca/anime%20icon.jpeg HTTP/1.1" 200 -
::1 - - [14/Feb/2026 17:02:04] "GET /src/assets/Gemini_Generated_Image_xcjlqwxcjlqwxcjl.png HTTP/1.1" 200 -
::1 - - [14/Feb/2026 17:02:04] "GET /src/data/nurture.json?_=1771063324241 HTTP/1.1" 200 -
::1 - - [14/Feb/2026 17:02:04] "GET /src/data/skills.json?_=1771063324241 HTTP/1.1" 200 -
::1 - - [14/Feb/2026 17:02:04] "GET /src/data/visit_log.json?_=1771063324241 HTTP/1.1" 200 -
::1 - - [14/Feb/2026 17:02:04] "GET /src/data/health.json?_=1771063324241 HTTP/1.1" 200 -
::1 - - [14/Feb/2026 17:02:04] "GET /src/data/status.json?_=1771063324241 HTTP/1.1" 200 -
::1 - - [14/Feb/2026 17:02:06] "GET /src/assets/rebecca/transparent/%E3%83%AC%E3%83%99%E3%83%83%E3%82%AB_%E5%BE%AE%E7%AC%91.png HTTP/1.1" 200 -
::1 - - [14/Feb/2026 17:02:10] "GET /src/diary.html HTTP/1.1" 200 -
::1 - - [14/Feb/2026 17:02:10] "GET /src/style.css HTTP/1.1" 200 -
::1 - - [14/Feb/2026 17:02:10] "GET /src/assets/hero-bg.svg HTTP/1.1" 200 -
::1 - - [14/Feb/2026 17:02:10] "GET /src/assets/rebecca/transparent/%E3%83%AC%E3%83%99%E3%83%83%E3%82%AB_%E8%BA%8D%E5%8B%95%E8%83%B8%E5%83%8F.png HTTP/1.1" 200 -
::1 - - [14/Feb/2026 17:02:10] "GET /src/assets/rebecca/transparent/%E3%83%AC%E3%83%99%E3%83%83%E3%82%AB_%E9%A1%94%E7%B5%B5%E3%83%8B%E3%83%A5%E3%83%BC%E3%83%88%E3%83%A9%E3%83%AB.png HTTP/1.1" 200 -
::1 - - [14/Feb/2026 17:02:10] "GET /src/app.js HTTP/1.1" 200 -
::1 - - [14/Feb/2026 17:02:10] "GET /src/assets/rebecca/transparent/%E3%83%AC%E3%83%99%E3%83%83%E3%82%AB_coffee.png HTTP/1.1" 200 -
::1 - - [14/Feb/2026 17:02:10] "GET /src/assets/icons.svg HTTP/1.1" 200 -
::1 - - [14/Feb/2026 17:02:10] "GET /src/data/status.json?t=1771063330363 HTTP/1.1" 200 -
::1 - - [14/Feb/2026 17:02:10] "GET /src/data/nurture.json?t=1771063330363 HTTP/1.1" 200 -
::1 - - [14/Feb/2026 17:02:10] "GET /src/assets/rebecca/transparent/%E3%83%AC%E3%83%99%E3%83%83%E3%82%AB_%E3%82%A6%E3%82%A3%E3%83%B3%E3%82%AF.png HTTP/1.1" 200 -
::1 - - [14/Feb/2026 17:02:10] "GET /src/assets/rebecca/transparent/%E3%83%AC%E3%83%99%E3%83%83%E3%82%AB_%E8%A6%8B%E4%B8%8B%E3%81%97.png HTTP/1.1" 200 -
::1 - - [14/Feb/2026 17:02:10] "GET /src/assets/rebecca/transparent/%E3%83%AC%E3%83%99%E3%83%83%E3%82%AB_%E3%82%AC%E3%83%83%E3%83%84%E3%83%9D%E3%83%BC%E3%82%BA.png HTTP/1.1" 200 -
::1 - - [14/Feb/2026 17:02:10] "GET /src/assets/rebecca/transparent/%E3%83%AC%E3%83%99%E3%83%83%E3%82%AB_%E3%81%99%E3%81%AD%E9%A1%94.png HTTP/1.1" 200 -
::1 - - [14/Feb/2026 17:02:10] "GET /src/assets/rebecca/transparent/%E3%83%AC%E3%83%99%E3%83%83%E3%82%AB_%E5%91%86%E3%82%8C%E9%A1%94.png HTTP/1.1" 200 -
::1 - - [14/Feb/2026 17:02:10] "GET /src/assets/rebecca/transparent/%E3%83%AC%E3%83%99%E3%83%83%E3%82%AB_%E3%82%B3%E3%83%9F%E3%82%AB%E3%83%AB%E4%B8%AD%E6%8C%87.png HTTP/1.1" 200 -
::1 - - [14/Feb/2026 17:07:10] "GET /src/data/status.json?t=1771063630369 HTTP/1.1" 200 -
::1 - - [14/Feb/2026 17:07:10] "GET /src/data/nurture.json?t=1771063630369 HTTP/1.1" 200 -
::1 - - [14/Feb/2026 17:12:10] "GET /src/data/status.json?t=1771063930373 HTTP/1.1" 200 -
::1 - - [14/Feb/2026 17:12:10] "GET /src/data/nurture.json?t=1771063930373 HTTP/1.1" 200 -
::1 - - [14/Feb/2026 17:17:10] "GET /src/data/status.json?t=1771064230464 HTTP/1.1" 200 -
::1 - - [14/Feb/2026 17:17:10] "GET /src/data/nurture.json?t=1771064230464 HTTP/1.1" 200 -
::1 - - [14/Feb/2026 17:22:10] "GET /src/data/status.json?t=1771064530467 HTTP/1.1" 200 -
::1 - - [14/Feb/2026 17:22:10] "GET /src/data/nurture.json?t=1771064530468 HTTP/1.1" 200 -
::1 - - [14/Feb/2026 17:27:10] "GET /src/data/status.json?t=1771064830471 HTTP/1.1" 200 -
::1 - - [14/Feb/2026 17:27:10] "GET /src/data/nurture.json?t=1771064830472 HTTP/1.1" 200 -
::1 - - [14/Feb/2026 17:32:10] "GET /src/data/status.json?t=1771065130404 HTTP/1.1" 200 -
::1 - - [14/Feb/2026 17:32:10] "GET /src/data/nurture.json?t=1771065130404 HTTP/1.1" 200 -
::1 - - [14/Feb/2026 17:37:10] "GET /src/data/status.json?t=1771065430405 HTTP/1.1" 200 -
::1 - - [14/Feb/2026 17:37:10] "GET /src/data/nurture.json?t=1771065430405 HTTP/1.1" 200 -
::1 - - [14/Feb/2026 17:42:10] "GET /src/data/nurture.json?t=1771065730404 HTTP/1.1" 200 -
::1 - - [14/Feb/2026 17:42:10] "GET /src/data/status.json?t=1771065730403 HTTP/1.1" 200 -
::1 - - [14/Feb/2026 17:47:10] "GET /src/data/status.json?t=1771066030384 HTTP/1.1" 200 -
::1 - - [14/Feb/2026 17:47:10] "GET /src/data/nurture.json?t=1771066030385 HTTP/1.1" 200 -
::1 - - [14/Feb/2026 17:52:10] "GET /src/data/status.json?t=1771066330383 HTTP/1.1" 200 -
::1 - - [14/Feb/2026 17:52:10] "GET /src/data/nurture.json?t=1771066330383 HTTP/1.1" 200 -
::1 - - [14/Feb/2026 17:57:10] "GET /src/data/status.json?t=1771066630382 HTTP/1.1" 200 -
::1 - - [14/Feb/2026 17:57:10] "GET /src/data/nurture.json?t=1771066630382 HTTP/1.1" 200 -
::1 - - [14/Feb/2026 18:02:10] "GET /src/data/status.json?t=1771066930463 HTTP/1.1" 200 -
::1 - - [14/Feb/2026 18:02:10] "GET /src/data/nurture.json?t=1771066930464 HTTP/1.1" 200 -
::1 - - [14/Feb/2026 18:07:10] "GET /src/data/status.json?t=1771067230468 HTTP/1.1" 200 -
::1 - - [14/Feb/2026 18:07:10] "GET /src/data/nurture.json?t=1771067230468 HTTP/1.1" 200 -
::1 - - [14/Feb/2026 18:12:10] "GET /src/data/status.json?t=1771067530471 HTTP/1.1" 200 -
::1 - - [14/Feb/2026 18:12:10] "GET /src/data/nurture.json?t=1771067530472 HTTP/1.1" 200 -
::1 - - [14/Feb/2026 18:17:10] "GET /src/data/status.json?t=1771067830473 HTTP/1.1" 200 -
::1 - - [14/Feb/2026 18:17:10] "GET /src/data/nurture.json?t=1771067830474 HTTP/1.1" 200 -
::1 - - [14/Feb/2026 18:22:10] "GET /src/data/status.json?t=1771068130503 HTTP/1.1" 200 -
::1 - - [14/Feb/2026 18:22:10] "GET /src/data/nurture.json?t=1771068130504 HTTP/1.1" 200 -
::1 - - [14/Feb/2026 18:27:10] "GET /src/data/status.json?t=1771068430508 HTTP/1.1" 200 -
::1 - - [14/Feb/2026 18:27:10] "GET /src/data/nurture.json?t=1771068430509 HTTP/1.1" 200 -
::1 - - [14/Feb/2026 18:32:10] "GET /src/data/status.json?t=1771068730515 HTTP/1.1" 200 -
::1 - - [14/Feb/2026 18:32:10] "GET /src/data/nurture.json?t=1771068730515 HTTP/1.1" 200 -
::1 - - [14/Feb/2026 18:37:10] "GET /src/data/status.json?t=1771069030520 HTTP/1.1" 200 -
::1 - - [14/Feb/2026 18:37:10] "GET /src/data/nurture.json?t=1771069030520 HTTP/1.1" 200 -
::1 - - [14/Feb/2026 18:42:10] "GET /src/data/status.json?t=1771069330478 HTTP/1.1" 200 -
::1 - - [14/Feb/2026 18:42:10] "GET /src/data/nurture.json?t=1771069330479 HTTP/1.1" 200 -
::1 - - [14/Feb/2026 18:47:10] "GET /src/data/status.json?t=1771069630480 HTTP/1.1" 200 -
::1 - - [14/Feb/2026 18:47:10] "GET /src/data/nurture.json?t=1771069630481 HTTP/1.1" 200 -
::1 - - [14/Feb/2026 18:52:10] "GET /src/data/status.json?t=1771069930481 HTTP/1.1" 200 -
::1 - - [14/Feb/2026 18:52:10] "GET /src/data/nurture.json?t=1771069930482 HTTP/1.1" 200 -
::1 - - [14/Feb/2026 18:57:10] "GET /src/data/status.json?t=1771070230485 HTTP/1.1" 200 -
::1 - - [14/Feb/2026 18:57:10] "GET /src/data/nurture.json?t=1771070230485 HTTP/1.1" 200 -
::1 - - [14/Feb/2026 19:02:10] "GET /src/data/status.json?t=1771070530494 HTTP/1.1" 200 -
::1 - - [14/Feb/2026 19:02:10] "GET /src/data/nurture.json?t=1771070530494 HTTP/1.1" 200 -
::1 - - [14/Feb/2026 19:07:10] "GET /src/data/status.json?t=1771070830496 HTTP/1.1" 200 -
::1 - - [14/Feb/2026 19:07:10] "GET /src/data/nurture.json?t=1771070830497 HTTP/1.1" 200 -
::1 - - [14/Feb/2026 19:12:10] "GET /src/data/status.json?t=1771071130499 HTTP/1.1" 200 -
::1 - - [14/Feb/2026 19:12:10] "GET /src/data/nurture.json?t=1771071130499 HTTP/1.1" 200 -
::1 - - [14/Feb/2026 19:17:10] "GET /src/data/status.json?t=1771071430500 HTTP/1.1" 200 -
::1 - - [14/Feb/2026 19:17:10] "GET /src/data/nurture.json?t=1771071430501 HTTP/1.1" 200 -
::1 - - [14/Feb/2026 19:22:10] "GET /src/data/status.json?t=1771071730473 HTTP/1.1" 200 -
::1 - - [14/Feb/2026 19:22:10] "GET /src/data/nurture.json?t=1771071730474 HTTP/1.1" 200 -
::1 - - [14/Feb/2026 19:27:10] "GET /src/data/status.json?t=1771072030473 HTTP/1.1" 200 -
::1 - - [14/Feb/2026 19:27:10] "GET /src/data/nurture.json?t=1771072030474 HTTP/1.1" 200 -
::1 - - [14/Feb/2026 19:32:10] "GET /src/data/status.json?t=1771072330475 HTTP/1.1" 200 -
::1 - - [14/Feb/2026 19:32:10] "GET /src/data/nurture.json?t=1771072330475 HTTP/1.1" 200 -
::1 - - [14/Feb/2026 19:37:10] "GET /src/data/status.json?t=1771072630475 HTTP/1.1" 200 -
::1 - - [14/Feb/2026 19:37:10] "GET /src/data/nurture.json?t=1771072630475 HTTP/1.1" 200 -
::1 - - [14/Feb/2026 19:42:10] "GET /src/data/status.json?t=1771072930484 HTTP/1.1" 200 -
::1 - - [14/Feb/2026 19:42:10] "GET /src/data/nurture.json?t=1771072930484 HTTP/1.1" 200 -
::1 - - [14/Feb/2026 19:47:10] "GET /src/data/status.json?t=1771073230487 HTTP/1.1" 200 -
::1 - - [14/Feb/2026 19:47:10] "GET /src/data/nurture.json?t=1771073230487 HTTP/1.1" 200 -
::1 - - [14/Feb/2026 19:52:10] "GET /src/data/status.json?t=1771073530488 HTTP/1.1" 200 -
::1 - - [14/Feb/2026 19:52:10] "GET /src/data/nurture.json?t=1771073530488 HTTP/1.1" 200 -
::1 - - [14/Feb/2026 19:57:10] "GET /src/data/status.json?t=1771073830484 HTTP/1.1" 200 -
::1 - - [14/Feb/2026 19:57:10] "GET /src/data/nurture.json?t=1771073830485 HTTP/1.1" 200 -
::1 - - [14/Feb/2026 20:02:10] "GET /src/data/nurture.json?t=1771074130468 HTTP/1.1" 200 -
::1 - - [14/Feb/2026 20:02:10] "GET /src/data/status.json?t=1771074130467 HTTP/1.1" 200 -
::1 - - [14/Feb/2026 20:07:10] "GET /src/data/status.json?t=1771074430469 HTTP/1.1" 200 -
::1 - - [14/Feb/2026 20:07:10] "GET /src/data/nurture.json?t=1771074430472 HTTP/1.1" 200 -
::1 - - [14/Feb/2026 20:12:10] "GET /src/data/status.json?t=1771074730469 HTTP/1.1" 200 -
::1 - - [14/Feb/2026 20:12:10] "GET /src/data/nurture.json?t=1771074730471 HTTP/1.1" 200 -
::1 - - [14/Feb/2026 20:17:10] "GET /src/data/status.json?t=1771075030458 HTTP/1.1" 200 -
::1 - - [14/Feb/2026 20:17:10] "GET /src/data/nurture.json?t=1771075030459 HTTP/1.1" 200 -
::1 - - [14/Feb/2026 20:22:10] "GET /src/data/status.json?t=1771075330458 HTTP/1.1" 200 -
::1 - - [14/Feb/2026 20:22:10] "GET /src/data/nurture.json?t=1771075330458 HTTP/1.1" 200 -
::1 - - [14/Feb/2026 20:27:10] "GET /src/data/status.json?t=1771075630457 HTTP/1.1" 200 -
::1 - - [14/Feb/2026 20:27:10] "GET /src/data/nurture.json?t=1771075630458 HTTP/1.1" 200 -
::1 - - [14/Feb/2026 20:32:10] "GET /src/data/status.json?t=1771075930457 HTTP/1.1" 200 -
::1 - - [14/Feb/2026 20:32:10] "GET /src/data/nurture.json?t=1771075930458 HTTP/1.1" 200 -
::1 - - [14/Feb/2026 20:37:10] "GET /src/data/status.json?t=1771076230477 HTTP/1.1" 200 -
::1 - - [14/Feb/2026 20:37:10] "GET /src/data/nurture.json?t=1771076230477 HTTP/1.1" 200 -
::1 - - [14/Feb/2026 20:42:10] "GET /src/data/status.json?t=1771076530478 HTTP/1.1" 200 -
::1 - - [14/Feb/2026 20:42:10] "GET /src/data/nurture.json?t=1771076530478 HTTP/1.1" 200 -
::1 - - [14/Feb/2026 20:47:10] "GET /src/data/status.json?t=1771076830477 HTTP/1.1" 200 -
::1 - - [14/Feb/2026 20:47:10] "GET /src/data/nurture.json?t=1771076830478 HTTP/1.1" 200 -
::1 - - [14/Feb/2026 20:52:10] "GET /src/data/nurture.json?t=1771077130547 HTTP/1.1" 200 -
::1 - - [14/Feb/2026 20:52:10] "GET /src/data/status.json?t=1771077130547 HTTP/1.1" 200 -
::1 - - [14/Feb/2026 20:57:10] "GET /src/data/status.json?t=1771077430553 HTTP/1.1" 200 -
::1 - - [14/Feb/2026 20:57:10] "GET /src/data/nurture.json?t=1771077430553 HTTP/1.1" 200 -
::1 - - [14/Feb/2026 21:02:10] "GET /src/data/status.json?t=1771077730558 HTTP/1.1" 200 -
::1 - - [14/Feb/2026 21:02:10] "GET /src/data/nurture.json?t=1771077730558 HTTP/1.1" 200 -
::1 - - [14/Feb/2026 21:07:10] "GET /src/data/status.json?t=1771078030563 HTTP/1.1" 200 -
::1 - - [14/Feb/2026 21:07:10] "GET /src/data/nurture.json?t=1771078030564 HTTP/1.1" 200 -
::1 - - [14/Feb/2026 21:12:10] "GET /src/data/nurture.json?t=1771078330573 HTTP/1.1" 200 -
::1 - - [14/Feb/2026 21:12:10] "GET /src/data/status.json?t=1771078330572 HTTP/1.1" 200 -
::1 - - [14/Feb/2026 22:00:55] "GET /src/data/status.json?t=1771081255106 HTTP/1.1" 200 -
::1 - - [14/Feb/2026 22:00:55] "GET /src/data/nurture.json?t=1771081255107 HTTP/1.1" 200 -
::1 - - [14/Feb/2026 22:01:05] "GET /src/ HTTP/1.1" 304 -
::1 - - [14/Feb/2026 22:01:05] "GET /src/assets/Gemini_Generated_Image_xcjlqwxcjlqwxcjl.png HTTP/1.1" 304 -
::1 - - [14/Feb/2026 22:01:05] "GET /src/data/nurture.json?_=1771081265192 HTTP/1.1" 200 -
::1 - - [14/Feb/2026 22:01:05] "GET /src/data/skills.json?_=1771081265193 HTTP/1.1" 200 -
::1 - - [14/Feb/2026 22:01:05] "GET /src/data/visit_log.json?_=1771081265193 HTTP/1.1" 200 -
::1 - - [14/Feb/2026 22:01:05] "GET /src/data/health.json?_=1771081265193 HTTP/1.1" 200 -
::1 - - [14/Feb/2026 22:01:05] "GET /src/data/status.json?_=1771081265193 HTTP/1.1" 200 -
::1 - - [14/Feb/2026 22:05:21] "GET /src/assets/rebecca/transparent/%E3%83%AC%E3%83%99%E3%83%83%E3%82%AB_%E6%A8%AA%E7%AB%8B%E3%81%A1%E7%B5%B5.png HTTP/1.1" 200 -
::1 - - [14/Feb/2026 22:06:05] "GET /src/data/nurture.json?_=1771081565199 HTTP/1.1" 200 -
::1 - - [14/Feb/2026 22:06:05] "GET /src/data/skills.json?_=1771081565199 HTTP/1.1" 200 -
::1 - - [14/Feb/2026 22:06:05] "GET /src/data/visit_log.json?_=1771081565199 HTTP/1.1" 200 -
::1 - - [14/Feb/2026 22:06:05] "GET /src/data/health.json?_=1771081565199 HTTP/1.1" 200 -
::1 - - [14/Feb/2026 22:06:05] "GET /src/data/status.json?_=1771081565199 HTTP/1.1" 200 -
::1 - - [14/Feb/2026 22:11:05] "GET /src/data/nurture.json?_=1771081865204 HTTP/1.1" 200 -
::1 - - [14/Feb/2026 22:11:05] "GET /src/data/skills.json?_=1771081865204 HTTP/1.1" 200 -
::1 - - [14/Feb/2026 22:11:05] "GET /src/data/visit_log.json?_=1771081865204 HTTP/1.1" 200 -
::1 - - [14/Feb/2026 22:11:05] "GET /src/data/health.json?_=1771081865204 HTTP/1.1" 200 -
::1 - - [14/Feb/2026 22:11:05] "GET /src/data/status.json?_=1771081865204 HTTP/1.1" 200 -
::1 - - [14/Feb/2026 22:16:05] "GET /src/data/nurture.json?_=1771082165209 HTTP/1.1" 200 -
::1 - - [14/Feb/2026 22:16:05] "GET /src/data/skills.json?_=1771082165210 HTTP/1.1" 200 -
::1 - - [14/Feb/2026 22:16:05] "GET /src/data/visit_log.json?_=1771082165210 HTTP/1.1" 200 -
::1 - - [14/Feb/2026 22:16:05] "GET /src/data/health.json?_=1771082165210 HTTP/1.1" 200 -
::1 - - [14/Feb/2026 22:16:05] "GET /src/data/status.json?_=1771082165210 HTTP/1.1" 200 -
::1 - - [14/Feb/2026 22:21:05] "GET /src/data/nurture.json?_=1771082465213 HTTP/1.1" 200 -
::1 - - [14/Feb/2026 22:21:05] "GET /src/data/skills.json?_=1771082465214 HTTP/1.1" 200 -
::1 - - [14/Feb/2026 22:21:05] "GET /src/data/visit_log.json?_=1771082465214 HTTP/1.1" 200 -
::1 - - [14/Feb/2026 22:21:05] "GET /src/data/health.json?_=1771082465214 HTTP/1.1" 200 -
::1 - - [14/Feb/2026 22:21:05] "GET /src/data/status.json?_=1771082465214 HTTP/1.1" 200 -
::1 - - [14/Feb/2026 22:21:23] "GET /src/assets/rebecca/transparent/%E3%83%AC%E3%83%99%E3%83%83%E3%82%AB_%E7%AB%8B%E3%81%A1%E7%B5%B5%E3%82%88%E3%81%9D%E8%A6%8B.png HTTP/1.1" 200 -
::1 - - [14/Feb/2026 22:26:05] "GET /src/data/nurture.json?_=1771082765219 HTTP/1.1" 200 -
::1 - - [14/Feb/2026 22:26:05] "GET /src/data/skills.json?_=1771082765219 HTTP/1.1" 200 -
::1 - - [14/Feb/2026 22:26:05] "GET /src/data/status.json?_=1771082765219 HTTP/1.1" 200 -
::1 - - [14/Feb/2026 22:26:05] "GET /src/data/health.json?_=1771082765219 HTTP/1.1" 200 -
::1 - - [14/Feb/2026 22:26:05] "GET /src/data/visit_log.json?_=1771082765219 HTTP/1.1" 200 -
::1 - - [14/Feb/2026 22:31:05] "GET /src/data/nurture.json?_=1771083065222 HTTP/1.1" 200 -
::1 - - [14/Feb/2026 22:31:05] "GET /src/data/skills.json?_=1771083065223 HTTP/1.1" 200 -
::1 - - [14/Feb/2026 22:31:05] "GET /src/data/status.json?_=1771083065223 HTTP/1.1" 200 -
::1 - - [14/Feb/2026 22:31:05] "GET /src/data/visit_log.json?_=1771083065223 HTTP/1.1" 200 -
::1 - - [14/Feb/2026 22:31:05] "GET /src/data/health.json?_=1771083065223 HTTP/1.1" 200 -
::1 - - [14/Feb/2026 22:36:05] "GET /src/data/nurture.json?_=1771083365228 HTTP/1.1" 200 -
::1 - - [14/Feb/2026 22:36:05] "GET /src/data/skills.json?_=1771083365229 HTTP/1.1" 200 -
::1 - - [14/Feb/2026 22:36:05] "GET /src/data/visit_log.json?_=1771083365229 HTTP/1.1" 200 -
::1 - - [14/Feb/2026 22:36:05] "GET /src/data/status.json?_=1771083365229 HTTP/1.1" 200 -
::1 - - [14/Feb/2026 22:36:05] "GET /src/data/health.json?_=1771083365229 HTTP/1.1" 200 -
::1 - - [14/Feb/2026 22:41:05] "GET /src/data/nurture.json?_=1771083665233 HTTP/1.1" 200 -
::1 - - [14/Feb/2026 22:41:05] "GET /src/data/skills.json?_=1771083665233 HTTP/1.1" 200 -
::1 - - [14/Feb/2026 22:41:05] "GET /src/data/visit_log.json?_=1771083665233 HTTP/1.1" 200 -
::1 - - [14/Feb/2026 22:41:05] "GET /src/data/health.json?_=1771083665233 HTTP/1.1" 200 -
::1 - - [14/Feb/2026 22:41:05] "GET /src/data/status.json?_=1771083665233 HTTP/1.1" 200 -
::1 - - [14/Feb/2026 22:46:05] "GET /src/data/skills.json?_=1771083965657 HTTP/1.1" 200 -
::1 - - [14/Feb/2026 22:46:05] "GET /src/data/nurture.json?_=1771083965657 HTTP/1.1" 200 -
::1 - - [14/Feb/2026 22:46:05] "GET /src/data/health.json?_=1771083965658 HTTP/1.1" 200 -
::1 - - [14/Feb/2026 22:46:05] "GET /src/data/visit_log.json?_=1771083965657 HTTP/1.1" 200 -
::1 - - [14/Feb/2026 22:46:05] "GET /src/data/status.json?_=1771083965658 HTTP/1.1" 200 -
::1 - - [14/Feb/2026 22:51:09] "GET /src/data/nurture.json?_=1771084269685 HTTP/1.1" 200 -
::1 - - [14/Feb/2026 22:51:09] "GET /src/data/skills.json?_=1771084269685 HTTP/1.1" 200 -
::1 - - [14/Feb/2026 22:51:09] "GET /src/data/visit_log.json?_=1771084269685 HTTP/1.1" 200 -
::1 - - [14/Feb/2026 22:51:09] "GET /src/data/health.json?_=1771084269685 HTTP/1.1" 200 -
::1 - - [14/Feb/2026 22:51:09] "GET /src/data/status.json?_=1771084269685 HTTP/1.1" 200 -
::1 - - [14/Feb/2026 22:56:09] "GET /src/data/nurture.json?_=1771084569673 HTTP/1.1" 200 -
::1 - - [14/Feb/2026 22:56:09] "GET /src/data/skills.json?_=1771084569673 HTTP/1.1" 200 -
::1 - - [14/Feb/2026 22:56:09] "GET /src/data/visit_log.json?_=1771084569673 HTTP/1.1" 200 -
::1 - - [14/Feb/2026 22:56:09] "GET /src/data/health.json?_=1771084569674 HTTP/1.1" 200 -
::1 - - [14/Feb/2026 22:56:09] "GET /src/data/status.json?_=1771084569674 HTTP/1.1" 200 -
::1 - - [14/Feb/2026 23:00:09] "GET /src/assets/rebecca/transparent/%E3%83%AC%E3%83%99%E3%83%83%E3%82%AB_%E3%83%8B%E3%83%A5%E3%83%BC%E3%83%88%E3%83%A9%E3%83%AB%E7%AB%8B%E3%81%A1%E7%B5%B5.png HTTP/1.1" 200 -
::1 - - [14/Feb/2026 23:01:09] "GET /src/data/nurture.json?_=1771084869670 HTTP/1.1" 200 -
::1 - - [14/Feb/2026 23:01:09] "GET /src/data/skills.json?_=1771084869672 HTTP/1.1" 200 -
::1 - - [14/Feb/2026 23:01:09] "GET /src/data/visit_log.json?_=1771084869672 HTTP/1.1" 200 -
::1 - - [14/Feb/2026 23:01:09] "GET /src/data/status.json?_=1771084869673 HTTP/1.1" 200 -
::1 - - [14/Feb/2026 23:01:09] "GET /src/data/health.json?_=1771084869672 HTTP/1.1" 200 -
::1 - - [14/Feb/2026 23:06:09] "GET /src/data/nurture.json?_=1771085169678 HTTP/1.1" 200 -
::1 - - [14/Feb/2026 23:06:09] "GET /src/data/skills.json?_=1771085169678 HTTP/1.1" 200 -
::1 - - [14/Feb/2026 23:06:09] "GET /src/data/health.json?_=1771085169678 HTTP/1.1" 200 -
::1 - - [14/Feb/2026 23:06:09] "GET /src/data/status.json?_=1771085169679 HTTP/1.1" 200 -
::1 - - [14/Feb/2026 23:06:09] "GET /src/data/visit_log.json?_=1771085169678 HTTP/1.1" 200 -
::1 - - [14/Feb/2026 23:11:09] "GET /src/data/nurture.json?_=1771085469681 HTTP/1.1" 200 -
::1 - - [14/Feb/2026 23:11:09] "GET /src/data/skills.json?_=1771085469681 HTTP/1.1" 200 -
::1 - - [14/Feb/2026 23:11:09] "GET /src/data/visit_log.json?_=1771085469682 HTTP/1.1" 200 -
::1 - - [14/Feb/2026 23:11:09] "GET /src/data/health.json?_=1771085469682 HTTP/1.1" 200 -
::1 - - [14/Feb/2026 23:11:09] "GET /src/data/status.json?_=1771085469682 HTTP/1.1" 200 -
::1 - - [14/Feb/2026 23:16:09] "GET /src/data/nurture.json?_=1771085769691 HTTP/1.1" 200 -
::1 - - [14/Feb/2026 23:16:09] "GET /src/data/skills.json?_=1771085769702 HTTP/1.1" 200 -
::1 - - [14/Feb/2026 23:16:09] "GET /src/data/visit_log.json?_=1771085769704 HTTP/1.1" 200 -
::1 - - [14/Feb/2026 23:16:09] "GET /src/data/health.json?_=1771085769704 HTTP/1.1" 200 -
::1 - - [14/Feb/2026 23:16:09] "GET /src/data/status.json?_=1771085769705 HTTP/1.1" 200 -
::1 - - [14/Feb/2026 23:21:09] "GET /src/data/nurture.json?_=1771086069692 HTTP/1.1" 200 -
::1 - - [14/Feb/2026 23:21:09] "GET /src/data/skills.json?_=1771086069695 HTTP/1.1" 200 -
::1 - - [14/Feb/2026 23:21:09] "GET /src/data/visit_log.json?_=1771086069695 HTTP/1.1" 200 -
::1 - - [14/Feb/2026 23:21:09] "GET /src/data/health.json?_=1771086069695 HTTP/1.1" 200 -
::1 - - [14/Feb/2026 23:21:09] "GET /src/data/status.json?_=1771086069695 HTTP/1.1" 200 -
::1 - - [14/Feb/2026 23:26:09] "GET /src/data/nurture.json?_=1771086369699 HTTP/1.1" 200 -
::1 - - [14/Feb/2026 23:26:09] "GET /src/data/visit_log.json?_=1771086369699 HTTP/1.1" 200 -
::1 - - [14/Feb/2026 23:26:09] "GET /src/data/health.json?_=1771086369699 HTTP/1.1" 200 -
::1 - - [14/Feb/2026 23:26:09] "GET /src/data/skills.json?_=1771086369699 HTTP/1.1" 200 -
::1 - - [14/Feb/2026 23:26:09] "GET /src/data/status.json?_=1771086369699 HTTP/1.1" 200 -
::1 - - [14/Feb/2026 23:31:09] "GET /src/data/nurture.json?_=1771086669700 HTTP/1.1" 200 -
::1 - - [14/Feb/2026 23:31:09] "GET /src/data/visit_log.json?_=1771086669701 HTTP/1.1" 200 -
::1 - - [14/Feb/2026 23:31:09] "GET /src/data/skills.json?_=1771086669701 HTTP/1.1" 200 -
::1 - - [14/Feb/2026 23:31:09] "GET /src/data/status.json?_=1771086669701 HTTP/1.1" 200 -
::1 - - [14/Feb/2026 23:31:09] "GET /src/data/health.json?_=1771086669701 HTTP/1.1" 200 -
::1 - - [14/Feb/2026 23:36:09] "GET /src/data/visit_log.json?_=1771086969711 HTTP/1.1" 200 -
::1 - - [14/Feb/2026 23:36:09] "GET /src/data/skills.json?_=1771086969711 HTTP/1.1" 200 -
::1 - - [14/Feb/2026 23:36:09] "GET /src/data/nurture.json?_=1771086969711 HTTP/1.1" 200 -
::1 - - [14/Feb/2026 23:36:09] "GET /src/data/health.json?_=1771086969711 HTTP/1.1" 200 -
::1 - - [14/Feb/2026 23:36:09] "GET /src/data/status.json?_=1771086969711 HTTP/1.1" 200 -
::1 - - [14/Feb/2026 23:41:09] "GET /src/data/skills.json?_=1771087269726 HTTP/1.1" 200 -
::1 - - [14/Feb/2026 23:41:09] "GET /src/data/nurture.json?_=1771087269725 HTTP/1.1" 200 -
::1 - - [14/Feb/2026 23:41:09] "GET /src/data/health.json?_=1771087269727 HTTP/1.1" 200 -
::1 - - [14/Feb/2026 23:41:09] "GET /src/data/status.json?_=1771087269727 HTTP/1.1" 200 -
::1 - - [14/Feb/2026 23:41:09] "GET /src/data/visit_log.json?_=1771087269727 HTTP/1.1" 200 -
::1 - - [14/Feb/2026 23:46:09] "GET /src/data/nurture.json?_=1771087569718 HTTP/1.1" 200 -
::1 - - [14/Feb/2026 23:46:09] "GET /src/data/skills.json?_=1771087569719 HTTP/1.1" 200 -
::1 - - [14/Feb/2026 23:46:09] "GET /src/data/visit_log.json?_=1771087569720 HTTP/1.1" 200 -
::1 - - [14/Feb/2026 23:46:09] "GET /src/data/health.json?_=1771087569720 HTTP/1.1" 200 -
::1 - - [14/Feb/2026 23:46:09] "GET /src/data/status.json?_=1771087569720 HTTP/1.1" 200 -
::1 - - [14/Feb/2026 23:50:09] "GET /src/assets/rebecca/transparent/%E3%83%AC%E3%83%99%E3%83%83%E3%82%AB_%E8%94%91%E3%81%BF.png HTTP/1.1" 200 -
::1 - - [14/Feb/2026 23:51:09] "GET /src/data/nurture.json?_=1771087869718 HTTP/1.1" 200 -
::1 - - [14/Feb/2026 23:51:09] "GET /src/data/skills.json?_=1771087869718 HTTP/1.1" 200 -
::1 - - [14/Feb/2026 23:51:09] "GET /src/data/visit_log.json?_=1771087869721 HTTP/1.1" 200 -
::1 - - [14/Feb/2026 23:51:09] "GET /src/data/health.json?_=1771087869724 HTTP/1.1" 200 -
::1 - - [14/Feb/2026 23:51:09] "GET /src/data/status.json?_=1771087869725 HTTP/1.1" 200 -
::1 - - [14/Feb/2026 23:56:09] "GET /src/data/nurture.json?_=1771088169722 HTTP/1.1" 200 -
::1 - - [14/Feb/2026 23:56:09] "GET /src/data/skills.json?_=1771088169722 HTTP/1.1" 200 -
::1 - - [14/Feb/2026 23:56:09] "GET /src/data/health.json?_=1771088169723 HTTP/1.1" 200 -
::1 - - [14/Feb/2026 23:56:09] "GET /src/data/visit_log.json?_=1771088169722 HTTP/1.1" 200 -
::1 - - [14/Feb/2026 23:56:09] "GET /src/data/status.json?_=1771088169723 HTTP/1.1" 200 -
::1 - - [15/Feb/2026 00:01:09] "GET /src/data/skills.json?_=1771088469756 HTTP/1.1" 200 -
::1 - - [15/Feb/2026 00:01:09] "GET /src/data/nurture.json?_=1771088469755 HTTP/1.1" 200 -
::1 - - [15/Feb/2026 00:01:09] "GET /src/data/health.json?_=1771088469756 HTTP/1.1" 200 -
::1 - - [15/Feb/2026 00:01:09] "GET /src/data/visit_log.json?_=1771088469756 HTTP/1.1" 200 -
::1 - - [15/Feb/2026 00:01:09] "GET /src/data/status.json?_=1771088469756 HTTP/1.1" 200 -
::1 - - [15/Feb/2026 00:06:09] "GET /src/data/nurture.json?_=1771088769741 HTTP/1.1" 200 -
::1 - - [15/Feb/2026 00:06:09] "GET /src/data/skills.json?_=1771088769741 HTTP/1.1" 200 -
::1 - - [15/Feb/2026 00:06:09] "GET /src/data/health.json?_=1771088769742 HTTP/1.1" 200 -
::1 - - [15/Feb/2026 00:06:09] "GET /src/data/visit_log.json?_=1771088769741 HTTP/1.1" 200 -
::1 - - [15/Feb/2026 00:06:09] "GET /src/data/status.json?_=1771088769742 HTTP/1.1" 200 -
::1 - - [15/Feb/2026 00:11:09] "GET /src/data/nurture.json?_=1771089069744 HTTP/1.1" 200 -
::1 - - [15/Feb/2026 00:11:09] "GET /src/data/skills.json?_=1771089069745 HTTP/1.1" 200 -
::1 - - [15/Feb/2026 00:11:09] "GET /src/data/visit_log.json?_=1771089069760 HTTP/1.1" 200 -
::1 - - [15/Feb/2026 00:11:09] "GET /src/data/health.json?_=1771089069760 HTTP/1.1" 200 -
::1 - - [15/Feb/2026 00:11:09] "GET /src/data/status.json?_=1771089069760 HTTP/1.1" 200 -
::1 - - [15/Feb/2026 00:16:09] "GET /src/data/nurture.json?_=1771089369750 HTTP/1.1" 200 -
::1 - - [15/Feb/2026 00:16:09] "GET /src/data/visit_log.json?_=1771089369750 HTTP/1.1" 200 -
::1 - - [15/Feb/2026 00:16:09] "GET /src/data/skills.json?_=1771089369750 HTTP/1.1" 200 -
::1 - - [15/Feb/2026 00:16:09] "GET /src/data/health.json?_=1771089369750 HTTP/1.1" 200 -
::1 - - [15/Feb/2026 00:16:09] "GET /src/data/status.json?_=1771089369750 HTTP/1.1" 200 -
::1 - - [15/Feb/2026 00:21:05] "GET /src/data/skills.json?_=1771089665087 HTTP/1.1" 200 -
::1 - - [15/Feb/2026 00:21:05] "GET /src/data/nurture.json?_=1771089665086 HTTP/1.1" 200 -
::1 - - [15/Feb/2026 00:21:05] "GET /src/data/visit_log.json?_=1771089665087 HTTP/1.1" 200 -
::1 - - [15/Feb/2026 00:21:05] "GET /src/data/status.json?_=1771089665087 HTTP/1.1" 200 -
::1 - - [15/Feb/2026 00:21:05] "GET /src/data/health.json?_=1771089665087 HTTP/1.1" 200 -
